  Course11.cpp
E:\Courses\Course 11\Course11\Course11\clsString.h(39,25): warning C4267: 'return': conversion from 'size_t' to 'short', possible loss of data
E:\Courses\Course 11\Course11\Course11\clsString.h(44,29): warning C4267: 'return': conversion from 'size_t' to 'short', possible loss of data
E:\Courses\Course 11\Course11\Course11\clsString.h(56,30): warning C4267: '=': conversion from 'size_t' to 'short', possible loss of data
E:\Courses\Course 11\Course11\Course11\clsString.h(193,29): warning C4267: 'return': conversion from 'size_t' to 'short', possible loss of data
E:\Courses\Course 11\Course11\Course11\clsString.h(324,30): warning C4267: '=': conversion from 'size_t' to 'short', possible loss of data
E:\Courses\Course 11\Course11\Course11\clsString.h(372,22): warning C4267: 'initializing': conversion from 'size_t' to 'short', possible loss of data
E:\Courses\Course 11\Course11\Course11\clsUtil.h(64,5): warning C4102: 'defualt': unreferenced label
E:\Courses\Course 11\Course11\Course11\clsUser.h(198,12): warning C4240: nonstandard extension used: access to 'clsUser::stLoginRegisterRecord' now defined to be 'public', previously it was defined to be 'private'
E:\Courses\Course 11\Course11\Course11\clsInputValidate.h(113,16): warning C4244: 'initializing': conversion from 'double' to 'float', possible loss of data
E:\Courses\Course 11\Course11\Course11\clsInputValidate.h(117,26): warning C4244: '=': conversion from 'double' to 'float', possible loss of data
E:\Courses\Course 11\Course11\Course11\clsBankClient.h(206,12): warning C4240: nonstandard extension used: access to 'clsBankClient::stTrnsferLogRecord' now defined to be 'public', previously it was defined to be 'private'
E:\Courses\Course 11\Course11\Course11\clsBankClient.h(28,65): warning C4244: 'argument': conversion from 'double' to 'float', possible loss of data
E:\Courses\Course 11\Course11\Course11\clsBankClient.h(162,39): warning C4244: '=': conversion from 'double' to 'float', possible loss of data
E:\Courses\Course 11\Course11\Course11\clsBankClient.h(163,48): warning C4244: '=': conversion from 'double' to 'float', possible loss of data
E:\Courses\Course 11\Course11\Course11\clsBankClient.h(164,49): warning C4244: '=': conversion from 'double' to 'float', possible loss of data
E:\Courses\Course 11\Course11\Course11\clsBankClient.h(421,28): warning C4244: '+=': conversion from 'double' to 'float', possible loss of data
E:\Courses\Course 11\Course11\Course11\clsBankClient.h(434,32): warning C4244: '-=': conversion from 'double' to 'float', possible loss of data
E:\Courses\Course 11\Course11\Course11\clsAddNewClientScreen.h(30,66): warning C4244: 'argument': conversion from 'double' to 'float', possible loss of data
E:\Courses\Course 11\Course11\Course11\clsUpdateClientScreen.h(47,66): warning C4244: 'argument': conversion from 'double' to 'float', possible loss of data
E:\Courses\Course 11\Course11\Course11\clsTotalBalancesScreen.h(57,82): warning C4244: 'argument': conversion from 'double' to 'int', possible loss of data
E:\Courses\Course 11\Course11\Course11\clsTransferScreen.h(42,51): warning C4244: '=': conversion from 'double' to 'float', possible loss of data
E:\Courses\Course 11\Course11\Course11\clsTransferScreen.h(47,53): warning C4244: '=': conversion from 'double' to 'float', possible loss of data
E:\Courses\Course 11\Course11\Course11\clsCurrency.h(27,17): warning C4244: 'argument': conversion from 'double' to 'float', possible loss of data
E:\Courses\Course 11\Course11\Course11\clsUpdateCurrencyRateScreen.h(17,52): warning C4244: '=': conversion from 'double' to 'float', possible loss of data
E:\Courses\Course 11\Course11\Course11\clsCurrencyCalculatorScreen.h(17,51): warning C4244: '=': conversion from 'double' to 'float', possible loss of data
E:\Courses\Course 11\Course11\Course11\clsBankClient.h(376,1): warning C4715: 'clsBankClient::Save': not all control paths return a value
E:\Courses\Course 11\Course11\Course11\clsBankClient.h(438,1): warning C4715: 'clsBankClient::Withdraw': not all control paths return a value
E:\Courses\Course 11\Course11\Course11\clsUser.h(360,1): warning C4715: 'clsUser::Save': not all control paths return a value
  Course11.vcxproj -> E:\Courses\Course 11\Course11\x64\Debug\Course11.exe
